c:\users\ben stynes\desktop\online-ca\project1\server\tut 13 - server\debug\vc142.pdb
c:\users\ben stynes\desktop\online-ca\project1\server\tut 13 - server\debug\vc142.idb
c:\users\ben stynes\desktop\online-ca\project1\server\tut 13 - server\debug\source.obj
c:\users\ben stynes\desktop\online-ca\project1\server\tut 13 - server\debug\serverini.obj
c:\users\ben stynes\desktop\online-ca\project1\server\tut 13 - server\debug\server.obj
c:\users\ben stynes\desktop\online-ca\project1\server\tut 13 - server\debug\sendgetmethods.obj
c:\users\ben stynes\desktop\online-ca\project1\server\tut 13 - server\debug\processpacket.obj
c:\users\ben stynes\desktop\online-ca\project1\server\tut 13 - server\debug\packetstructs.obj
c:\users\ben stynes\desktop\online-ca\project1\server\tut 13 - server\debug\packetmanager.obj
c:\users\ben stynes\desktop\online-ca\project1\server\tut 13 - server\debug\packet.obj
c:\users\ben stynes\desktop\online-ca\project1\server\tut 13 - server\debug\filetransferdata.obj
c:\users\ben stynes\desktop\online-ca\project1\server\tut 13 - server\debug\tut 13 - server.ilk
c:\users\ben stynes\desktop\online-ca\project1\server\debug\tut 13 - server.exe
c:\users\ben stynes\desktop\online-ca\project1\server\debug\tut 13 - server.pdb
c:\users\ben stynes\desktop\online-ca\project1\server\tut 13 - server\debug\tut 13 - server.tlog\cl.command.1.tlog
c:\users\ben stynes\desktop\online-ca\project1\server\tut 13 - server\debug\tut 13 - server.tlog\cl.read.1.tlog
c:\users\ben stynes\desktop\online-ca\project1\server\tut 13 - server\debug\tut 13 - server.tlog\cl.write.1.tlog
c:\users\ben stynes\desktop\online-ca\project1\server\tut 13 - server\debug\tut 13 - server.tlog\link.command.1.tlog
c:\users\ben stynes\desktop\online-ca\project1\server\tut 13 - server\debug\tut 13 - server.tlog\link.read.1.tlog
c:\users\ben stynes\desktop\online-ca\project1\server\tut 13 - server\debug\tut 13 - server.tlog\link.write.1.tlog
